[28-Oct-2025 10:20:58 Europe/Paris] PHP Warning:  Undefined array key "PEPPER" in C:\Users\compteadmin\Desktop\local server\CDS49-web\models\EleveModel.php on line 119
[28-Oct-2025 10:21:14 Europe/Paris] PHP Fatal error:  Uncaught PDOException: SQLSTATE[42S22]: Column not found: 1054 Unknown column 'idcategorie' in 'field list' in C:\Users\compteadmin\Desktop\local server\CDS49-web\models\ResultatModel.php:72
Stack trace:
#0 C:\Users\compteadmin\Desktop\local server\CDS49-web\models\ResultatModel.php(72): PDO->prepare('SELECT dateresu...')
#1 C:\Users\compteadmin\Desktop\local server\CDS49-web\controllers\CompteController.php(186): models\ResultatModel->getResults()
#2 [internal function]: controllers\CompteController->results()
#3 C:\Users\compteadmin\Desktop\local server\CDS49-web\routes\base\Route.php(174): call_user_func_array(Array, Array)
#4 C:\Users\compteadmin\Desktop\local server\CDS49-web\index.php(41): routes\base\Route->LoadRequestedPath()
#5 C:\Users\compteadmin\Desktop\local server\CDS49-web\index.php(45): EntryPoint->__construct()
#6 {main}
  thrown in C:\Users\compteadmin\Desktop\local server\CDS49-web\models\ResultatModel.php on line 72
[28-Oct-2025 11:17:32 Europe/Paris] PHP Warning:  Undefined array key "PEPPER" in C:\Users\compteadmin\Desktop\local server\CDS49-web\models\EleveModel.php on line 119
[28-Oct-2025 11:21:03 Europe/Paris] PHP Warning:  Undefined array key "PEPPER" in C:\Users\compteadmin\Desktop\local server\CDS49-web\models\EleveModel.php on line 119
[28-Oct-2025 11:22:14 Europe/Paris] PHP Warning:  Undefined array key "PEPPER" in C:\Users\compteadmin\Desktop\local server\CDS49-web\models\EleveModel.php on line 119
[28-Oct-2025 11:23:35 Europe/Paris] PHP Warning:  Undefined array key "PEPPER" in C:\Users\compteadmin\Desktop\local server\CDS49-web\models\EleveModel.php on line 119
[28-Oct-2025 11:25:00 Europe/Paris] PHP Warning:  Undefined array key "PEPPER" in C:\Users\compteadmin\Desktop\local server\CDS49-web\models\EleveModel.php on line 119
[28-Oct-2025 11:25:43 Europe/Paris] PHP Warning:  Undefined array key "PEPPER" in C:\Users\compteadmin\Desktop\local server\CDS49-web\models\EleveModel.php on line 119
[28-Oct-2025 11:30:33 Europe/Paris] PHP Warning:  Undefined array key "PEPPER" in C:\Users\compteadmin\Desktop\local server\CDS49-web\models\EleveModel.php on line 119
[28-Oct-2025 11:30:51 Europe/Paris] PHP Fatal error:  Uncaught PDOException: SQLSTATE[23000]: Integrity constraint violation: 1062 Duplicate entry '0' for key 'PRIMARY' in C:\Users\compteadmin\Desktop\local server\CDS49-web\models\ResultatModel.php:57
Stack trace:
#0 C:\Users\compteadmin\Desktop\local server\CDS49-web\models\ResultatModel.php(57): PDOStatement->execute(Array)
#1 C:\Users\compteadmin\Desktop\local server\CDS49-web\controllers\MobileApiController.php(258): models\ResultatModel->saveScoreByToken('27fa91046d027d6...', 28, 40)
#2 [internal function]: controllers\MobileApiController->saveScore()
#3 C:\Users\compteadmin\Desktop\local server\CDS49-web\routes\base\Route.php(174): call_user_func_array(Array, Array)
#4 C:\Users\compteadmin\Desktop\local server\CDS49-web\index.php(41): routes\base\Route->LoadRequestedPath()
#5 C:\Users\compteadmin\Desktop\local server\CDS49-web\index.php(45): EntryPoint->__construct()
#6 {main}
  thrown in C:\Users\compteadmin\Desktop\local server\CDS49-web\models\ResultatModel.php on line 57
[28-Oct-2025 11:30:53 Europe/Paris] PHP Fatal error:  Uncaught PDOException: SQLSTATE[23000]: Integrity constraint violation: 1062 Duplicate entry '0' for key 'PRIMARY' in C:\Users\compteadmin\Desktop\local server\CDS49-web\models\ResultatModel.php:57
Stack trace:
#0 C:\Users\compteadmin\Desktop\local server\CDS49-web\models\ResultatModel.php(57): PDOStatement->execute(Array)
#1 C:\Users\compteadmin\Desktop\local server\CDS49-web\controllers\MobileApiController.php(258): models\ResultatModel->saveScoreByToken('27fa91046d027d6...', 38, 40)
#2 [internal function]: controllers\MobileApiController->saveScore()
#3 C:\Users\compteadmin\Desktop\local server\CDS49-web\routes\base\Route.php(174): call_user_func_array(Array, Array)
#4 C:\Users\compteadmin\Desktop\local server\CDS49-web\index.php(41): routes\base\Route->LoadRequestedPath()
#5 C:\Users\compteadmin\Desktop\local server\CDS49-web\index.php(45): EntryPoint->__construct()
#6 {main}
  thrown in C:\Users\compteadmin\Desktop\local server\CDS49-web\models\ResultatModel.php on line 57
[28-Oct-2025 11:30:54 Europe/Paris] PHP Fatal error:  Uncaught PDOException: SQLSTATE[23000]: Integrity constraint violation: 1062 Duplicate entry '0' for key 'PRIMARY' in C:\Users\compteadmin\Desktop\local server\CDS49-web\models\ResultatModel.php:57
Stack trace:
#0 C:\Users\compteadmin\Desktop\local server\CDS49-web\models\ResultatModel.php(57): PDOStatement->execute(Array)
#1 C:\Users\compteadmin\Desktop\local server\CDS49-web\controllers\MobileApiController.php(258): models\ResultatModel->saveScoreByToken('27fa91046d027d6...', 32, 40)
#2 [internal function]: controllers\MobileApiController->saveScore()
#3 C:\Users\compteadmin\Desktop\local server\CDS49-web\routes\base\Route.php(174): call_user_func_array(Array, Array)
#4 C:\Users\compteadmin\Desktop\local server\CDS49-web\index.php(41): routes\base\Route->LoadRequestedPath()
#5 C:\Users\compteadmin\Desktop\local server\CDS49-web\index.php(45): EntryPoint->__construct()
#6 {main}
  thrown in C:\Users\compteadmin\Desktop\local server\CDS49-web\models\ResultatModel.php on line 57
[28-Oct-2025 11:34:34 Europe/Paris] PHP Fatal error:  Uncaught PDOException: SQLSTATE[23000]: Integrity constraint violation: 1062 Duplicate entry '0' for key 'PRIMARY' in C:\Users\compteadmin\Desktop\local server\CDS49-web\models\ResultatModel.php:57
Stack trace:
#0 C:\Users\compteadmin\Desktop\local server\CDS49-web\models\ResultatModel.php(57): PDOStatement->execute(Array)
#1 C:\Users\compteadmin\Desktop\local server\CDS49-web\controllers\MobileApiController.php(260): models\ResultatModel->saveScoreByToken('e03d341cec35916...', 10, 10)
#2 [internal function]: controllers\MobileApiController->saveScore()
#3 C:\Users\compteadmin\Desktop\local server\CDS49-web\routes\base\Route.php(174): call_user_func_array(Array, Array)
#4 C:\Users\compteadmin\Desktop\local server\CDS49-web\index.php(41): routes\base\Route->LoadRequestedPath()
#5 C:\Users\compteadmin\Desktop\local server\CDS49-web\index.php(45): EntryPoint->__construct()
#6 {main}
  thrown in C:\Users\compteadmin\Desktop\local server\CDS49-web\models\ResultatModel.php on line 57
[28-Oct-2025 11:34:36 Europe/Paris] PHP Fatal error:  Uncaught PDOException: SQLSTATE[23000]: Integrity constraint violation: 1062 Duplicate entry '0' for key 'PRIMARY' in C:\Users\compteadmin\Desktop\local server\CDS49-web\models\ResultatModel.php:57
Stack trace:
#0 C:\Users\compteadmin\Desktop\local server\CDS49-web\models\ResultatModel.php(57): PDOStatement->execute(Array)
#1 C:\Users\compteadmin\Desktop\local server\CDS49-web\controllers\MobileApiController.php(260): models\ResultatModel->saveScoreByToken('e03d341cec35916...', 10, 10)
#2 [internal function]: controllers\MobileApiController->saveScore()
#3 C:\Users\compteadmin\Desktop\local server\CDS49-web\routes\base\Route.php(174): call_user_func_array(Array, Array)
#4 C:\Users\compteadmin\Desktop\local server\CDS49-web\index.php(41): routes\base\Route->LoadRequestedPath()
#5 C:\Users\compteadmin\Desktop\local server\CDS49-web\index.php(45): EntryPoint->__construct()
#6 {main}
  thrown in C:\Users\compteadmin\Desktop\local server\CDS49-web\models\ResultatModel.php on line 57
[28-Oct-2025 11:44:17 Europe/Paris] PHP Fatal error:  Uncaught PDOException: SQLSTATE[23000]: Integrity constraint violation: 1062 Duplicate entry '0' for key 'PRIMARY' in C:\Users\compteadmin\Desktop\local server\CDS49-web\models\ResultatModel.php:57
Stack trace:
#0 C:\Users\compteadmin\Desktop\local server\CDS49-web\models\ResultatModel.php(57): PDOStatement->execute(Array)
#1 C:\Users\compteadmin\Desktop\local server\CDS49-web\controllers\MobileApiController.php(260): models\ResultatModel->saveScoreByToken('e03d341cec35916...', 10, 10)
#2 [internal function]: controllers\MobileApiController->saveScore()
#3 C:\Users\compteadmin\Desktop\local server\CDS49-web\routes\base\Route.php(174): call_user_func_array(Array, Array)
#4 C:\Users\compteadmin\Desktop\local server\CDS49-web\index.php(41): routes\base\Route->LoadRequestedPath()
#5 C:\Users\compteadmin\Desktop\local server\CDS49-web\index.php(45): EntryPoint->__construct()
#6 {main}
  thrown in C:\Users\compteadmin\Desktop\local server\CDS49-web\models\ResultatModel.php on line 57
[28-Oct-2025 11:44:18 Europe/Paris] PHP Fatal error:  Uncaught PDOException: SQLSTATE[23000]: Integrity constraint violation: 1062 Duplicate entry '0' for key 'PRIMARY' in C:\Users\compteadmin\Desktop\local server\CDS49-web\models\ResultatModel.php:57
Stack trace:
#0 C:\Users\compteadmin\Desktop\local server\CDS49-web\models\ResultatModel.php(57): PDOStatement->execute(Array)
#1 C:\Users\compteadmin\Desktop\local server\CDS49-web\controllers\MobileApiController.php(260): models\ResultatModel->saveScoreByToken('e03d341cec35916...', 10, 10)
#2 [internal function]: controllers\MobileApiController->saveScore()
#3 C:\Users\compteadmin\Desktop\local server\CDS49-web\routes\base\Route.php(174): call_user_func_array(Array, Array)
#4 C:\Users\compteadmin\Desktop\local server\CDS49-web\index.php(41): routes\base\Route->LoadRequestedPath()
#5 C:\Users\compteadmin\Desktop\local server\CDS49-web\index.php(45): EntryPoint->__construct()
#6 {main}
  thrown in C:\Users\compteadmin\Desktop\local server\CDS49-web\models\ResultatModel.php on line 57
[28-Oct-2025 11:44:18 Europe/Paris] PHP Fatal error:  Uncaught PDOException: SQLSTATE[23000]: Integrity constraint violation: 1062 Duplicate entry '0' for key 'PRIMARY' in C:\Users\compteadmin\Desktop\local server\CDS49-web\models\ResultatModel.php:57
Stack trace:
#0 C:\Users\compteadmin\Desktop\local server\CDS49-web\models\ResultatModel.php(57): PDOStatement->execute(Array)
#1 C:\Users\compteadmin\Desktop\local server\CDS49-web\controllers\MobileApiController.php(260): models\ResultatModel->saveScoreByToken('e03d341cec35916...', 10, 10)
#2 [internal function]: controllers\MobileApiController->saveScore()
#3 C:\Users\compteadmin\Desktop\local server\CDS49-web\routes\base\Route.php(174): call_user_func_array(Array, Array)
#4 C:\Users\compteadmin\Desktop\local server\CDS49-web\index.php(41): routes\base\Route->LoadRequestedPath()
#5 C:\Users\compteadmin\Desktop\local server\CDS49-web\index.php(45): EntryPoint->__construct()
#6 {main}
  thrown in C:\Users\compteadmin\Desktop\local server\CDS49-web\models\ResultatModel.php on line 57
[28-Oct-2025 11:44:18 Europe/Paris] PHP Fatal error:  Uncaught PDOException: SQLSTATE[23000]: Integrity constraint violation: 1062 Duplicate entry '0' for key 'PRIMARY' in C:\Users\compteadmin\Desktop\local server\CDS49-web\models\ResultatModel.php:57
Stack trace:
#0 C:\Users\compteadmin\Desktop\local server\CDS49-web\models\ResultatModel.php(57): PDOStatement->execute(Array)
#1 C:\Users\compteadmin\Desktop\local server\CDS49-web\controllers\MobileApiController.php(260): models\ResultatModel->saveScoreByToken('e03d341cec35916...', 10, 10)
#2 [internal function]: controllers\MobileApiController->saveScore()
#3 C:\Users\compteadmin\Desktop\local server\CDS49-web\routes\base\Route.php(174): call_user_func_array(Array, Array)
#4 C:\Users\compteadmin\Desktop\local server\CDS49-web\index.php(41): routes\base\Route->LoadRequestedPath()
#5 C:\Users\compteadmin\Desktop\local server\CDS49-web\index.php(45): EntryPoint->__construct()
#6 {main}
  thrown in C:\Users\compteadmin\Desktop\local server\CDS49-web\models\ResultatModel.php on line 57
[28-Oct-2025 12:02:20 Europe/Paris] PHP Warning:  Undefined array key "PEPPER" in C:\Users\compteadmin\Desktop\local server\CDS49-web\models\EleveModel.php on line 119
[28-Oct-2025 12:02:36 Europe/Paris] PHP Fatal error:  Uncaught PDOException: SQLSTATE[23000]: Integrity constraint violation: 1062 Duplicate entry '0' for key 'PRIMARY' in C:\Users\compteadmin\Desktop\local server\CDS49-web\models\ResultatModel.php:57
Stack trace:
#0 C:\Users\compteadmin\Desktop\local server\CDS49-web\models\ResultatModel.php(57): PDOStatement->execute(Array)
#1 C:\Users\compteadmin\Desktop\local server\CDS49-web\controllers\MobileApiController.php(260): models\ResultatModel->saveScoreByToken('3b45aba135e8ec2...', 10, 10)
#2 [internal function]: controllers\MobileApiController->saveScore()
#3 C:\Users\compteadmin\Desktop\local server\CDS49-web\routes\base\Route.php(174): call_user_func_array(Array, Array)
#4 C:\Users\compteadmin\Desktop\local server\CDS49-web\index.php(41): routes\base\Route->LoadRequestedPath()
#5 C:\Users\compteadmin\Desktop\local server\CDS49-web\index.php(45): EntryPoint->__construct()
#6 {main}
  thrown in C:\Users\compteadmin\Desktop\local server\CDS49-web\models\ResultatModel.php on line 57
[28-Oct-2025 12:08:57 Europe/Paris] PHP Warning:  Undefined array key "PEPPER" in C:\Users\compteadmin\Desktop\local server\CDS49-web\models\EleveModel.php on line 119
[28-Oct-2025 12:09:15 Europe/Paris] PHP Fatal error:  Uncaught PDOException: SQLSTATE[23000]: Integrity constraint violation: 1062 Duplicate entry '0' for key 'PRIMARY' in C:\Users\compteadmin\Desktop\local server\CDS49-web\models\ResultatModel.php:57
Stack trace:
#0 C:\Users\compteadmin\Desktop\local server\CDS49-web\models\ResultatModel.php(57): PDOStatement->execute(Array)
#1 C:\Users\compteadmin\Desktop\local server\CDS49-web\controllers\MobileApiController.php(260): models\ResultatModel->saveScoreByToken('15224e93bc93765...', 40, 40)
#2 [internal function]: controllers\MobileApiController->saveScore()
#3 C:\Users\compteadmin\Desktop\local server\CDS49-web\routes\base\Route.php(174): call_user_func_array(Array, Array)
#4 C:\Users\compteadmin\Desktop\local server\CDS49-web\index.php(41): routes\base\Route->LoadRequestedPath()
#5 C:\Users\compteadmin\Desktop\local server\CDS49-web\index.php(45): EntryPoint->__construct()
#6 {main}
  thrown in C:\Users\compteadmin\Desktop\local server\CDS49-web\models\ResultatModel.php on line 57
[28-Oct-2025 12:09:18 Europe/Paris] PHP Fatal error:  Uncaught PDOException: SQLSTATE[23000]: Integrity constraint violation: 1062 Duplicate entry '0' for key 'PRIMARY' in C:\Users\compteadmin\Desktop\local server\CDS49-web\models\ResultatModel.php:57
Stack trace:
#0 C:\Users\compteadmin\Desktop\local server\CDS49-web\models\ResultatModel.php(57): PDOStatement->execute(Array)
#1 C:\Users\compteadmin\Desktop\local server\CDS49-web\controllers\MobileApiController.php(260): models\ResultatModel->saveScoreByToken('15224e93bc93765...', 40, 40)
#2 [internal function]: controllers\MobileApiController->saveScore()
#3 C:\Users\compteadmin\Desktop\local server\CDS49-web\routes\base\Route.php(174): call_user_func_array(Array, Array)
#4 C:\Users\compteadmin\Desktop\local server\CDS49-web\index.php(41): routes\base\Route->LoadRequestedPath()
#5 C:\Users\compteadmin\Desktop\local server\CDS49-web\index.php(45): EntryPoint->__construct()
#6 {main}
  thrown in C:\Users\compteadmin\Desktop\local server\CDS49-web\models\ResultatModel.php on line 57
[28-Oct-2025 12:09:18 Europe/Paris] PHP Fatal error:  Uncaught PDOException: SQLSTATE[23000]: Integrity constraint violation: 1062 Duplicate entry '0' for key 'PRIMARY' in C:\Users\compteadmin\Desktop\local server\CDS49-web\models\ResultatModel.php:57
Stack trace:
#0 C:\Users\compteadmin\Desktop\local server\CDS49-web\models\ResultatModel.php(57): PDOStatement->execute(Array)
#1 C:\Users\compteadmin\Desktop\local server\CDS49-web\controllers\MobileApiController.php(260): models\ResultatModel->saveScoreByToken('15224e93bc93765...', 40, 40)
#2 [internal function]: controllers\MobileApiController->saveScore()
#3 C:\Users\compteadmin\Desktop\local server\CDS49-web\routes\base\Route.php(174): call_user_func_array(Array, Array)
#4 C:\Users\compteadmin\Desktop\local server\CDS49-web\index.php(41): routes\base\Route->LoadRequestedPath()
#5 C:\Users\compteadmin\Desktop\local server\CDS49-web\index.php(45): EntryPoint->__construct()
#6 {main}
  thrown in C:\Users\compteadmin\Desktop\local server\CDS49-web\models\ResultatModel.php on line 57
[28-Oct-2025 12:10:04 Europe/Paris] PHP Warning:  Undefined array key "PEPPER" in C:\Users\compteadmin\Desktop\local server\CDS49-web\models\EleveModel.php on line 119
[28-Oct-2025 12:10:18 Europe/Paris] ResultatModel ERROR: SQLSTATE[23000]: Integrity constraint violation: 1062 Duplicate entry '0' for key 'PRIMARY'
[28-Oct-2025 12:13:39 Europe/Paris] PHP Warning:  Undefined array key "PEPPER" in C:\Users\compteadmin\Desktop\local server\CDS49-web\models\EleveModel.php on line 119
[28-Oct-2025 12:13:54 Europe/Paris] ResultatModel ERROR: SQLSTATE[23000]: Integrity constraint violation: 1062 Duplicate entry '0' for key 'PRIMARY'
[28-Oct-2025 12:13:56 Europe/Paris] ResultatModel ERROR: SQLSTATE[23000]: Integrity constraint violation: 1062 Duplicate entry '0' for key 'PRIMARY'
[28-Oct-2025 12:15:55 Europe/Paris] ResultatModel ERROR: SQLSTATE[23000]: Integrity constraint violation: 1062 Duplicate entry '0' for key 'PRIMARY'
[28-Oct-2025 12:15:55 Europe/Paris] ResultatModel ERROR: SQLSTATE[23000]: Integrity constraint violation: 1062 Duplicate entry '0' for key 'PRIMARY'
[28-Oct-2025 12:15:56 Europe/Paris] ResultatModel ERROR: SQLSTATE[23000]: Integrity constraint violation: 1062 Duplicate entry '0' for key 'PRIMARY'
[28-Oct-2025 12:16:11 Europe/Paris] ResultatModel ERROR: SQLSTATE[23000]: Integrity constraint violation: 1062 Duplicate entry '0' for key 'PRIMARY'
